# JRE version: OpenJDK Runtime Environment Temurin-17.0.11+9 (17.0.11+9) (build 17.0.11+9)
# Java VM: OpenJDK Client VM Temurin-17.0.11+9 (17.0.11+9, mixed mode, emulated-client, serial gc, windows-x86)
GC Precious Log:
 CPUs: 8 total, 8 available
 Memory: 8030M
 Large Page Support: Disabled
 NUMA Support: Disabled
 Compressed Oops: Disabled
 Heap Min Capacity: 6M
 Heap Initial Capacity: 16M
 Heap Max Capacity: 1536M
 Pre-touch: Disabled
Heap:
 def new generation   total 181504K, used 108951K [0x05400000, 0x118f0000, 0x25400000)
  eden space 161344K,  62% used [0x05400000, 0x0b612a20, 0x0f190000)
  from space 20160K,  42% used [0x10540000, 0x10d93218, 0x118f0000)
  to   space 20160K,   0% used [0x0f190000, 0x0f190000, 0x10540000)
 tenured generation   total 402076K, used 372671K [0x25400000, 0x3dca7000, 0x65400000)
   the space 402076K,  92% used [0x25400000, 0x3bfefe58, 0x3bff0000, 0x3dca7000)
 Metaspace       used 146335K, committed 146944K, reserved 147456K
GC Heap History (20 events):
Event: 1238.128 GC heap before
{Heap before GC invocations=304 (full 9):
 def new generation   total 181504K, used 169528K [0x05400000, 0x118f0000, 0x25400000)
  eden space 161344K,  99% used [0x05400000, 0x0f18fff0, 0x0f190000)
  from space 20160K,  40% used [0x10540000, 0x10d3e218, 0x118f0000)
  to   space 20160K,   0% used [0x0f190000, 0x0f190000, 0x10540000)
 tenured generation   total 402076K, used 357306K [0x25400000, 0x3dca7000, 0x65400000)
   the space 402076K,  88% used [0x25400000, 0x3b0eebd0, 0x3b0eec00, 0x3dca7000)
 Metaspace       used 144297K, committed 144960K, reserved 147456K
}
Event: 1238.161 GC heap after
{Heap after GC invocations=305 (full 9):
 def new generation   total 181504K, used 12322K [0x05400000, 0x118f0000, 0x25400000)
  eden space 161344K,   0% used [0x05400000, 0x05400000, 0x0f190000)
  from space 20160K,  61% used [0x0f190000, 0x0fd98898, 0x10540000)
  to   space 20160K,   0% used [0x10540000, 0x10540000, 0x118f0000)
 tenured generation   total 402076K, used 357407K [0x25400000, 0x3dca7000, 0x65400000)
   the space 402076K,  88% used [0x25400000, 0x3b107ed8, 0x3b108000, 0x3dca7000)
 Metaspace       used 144297K, committed 144960K, reserved 147456K
}
Event: 1239.024 GC heap before
{Heap before GC invocations=305 (full 9):
 def new generation   total 181504K, used 173666K [0x05400000, 0x118f0000, 0x25400000)
  eden space 161344K, 100% used [0x05400000, 0x0f190000, 0x0f190000)
  from space 20160K,  61% used [0x0f190000, 0x0fd98898, 0x10540000)
  to   space 20160K,   0% used [0x10540000, 0x10540000, 0x118f0000)
 tenured generation   total 402076K, used 357407K [0x25400000, 0x3dca7000, 0x65400000)
   the space 402076K,  88% used [0x25400000, 0x3b107ed8, 0x3b108000, 0x3dca7000)
 Metaspace       used 144341K, committed 144960K, reserved 147456K
}
Event: 1239.059 GC heap after
{Heap after GC invocations=306 (full 9):
 def new generation   total 181504K, used 13234K [0x05400000, 0x118f0000, 0x25400000)
  eden space 161344K,   0% used [0x05400000, 0x05400000, 0x0f190000)
  from space 20160K,  65% used [0x10540000, 0x1122cb60, 0x118f0000)
  to   space 20160K,   0% used [0x0f190000, 0x0f190000, 0x10540000)
 tenured generation   total 402076K, used 359434K [0x25400000, 0x3dca7000, 0x65400000)
   the space 402076K,  89% used [0x25400000, 0x3b302938, 0x3b302a00, 0x3dca7000)
 Metaspace       used 144341K, committed 144960K, reserved 147456K
}
Event: 1239.900 GC heap before
{Heap before GC invocations=306 (full 9):
 def new generation   total 181504K, used 174578K [0x05400000, 0x118f0000, 0x25400000)
  eden space 161344K, 100% used [0x05400000, 0x0f190000, 0x0f190000)
  from space 20160K,  65% used [0x10540000, 0x1122cb60, 0x118f0000)
  to   space 20160K,   0% used [0x0f190000, 0x0f190000, 0x10540000)
 tenured generation   total 402076K, used 359434K [0x25400000, 0x3dca7000, 0x65400000)
   the space 402076K,  89% used [0x25400000, 0x3b302938, 0x3b302a00, 0x3dca7000)
 Metaspace       used 144918K, committed 145536K, reserved 147456K
}
Event: 1239.957 GC heap after
{Heap after GC invocations=307 (full 9):
 def new generation   total 181504K, used 10666K [0x05400000, 0x118f0000, 0x25400000)
  eden space 161344K,   0% used [0x05400000, 0x05400000, 0x0f190000)
  from space 20160K,  52% used [0x0f190000, 0x0fbfa838, 0x10540000)
  to   space 20160K,   0% used [0x10540000, 0x10540000, 0x118f0000)
 tenured generation   total 402076K, used 362884K [0x25400000, 0x3dca7000, 0x65400000)
   the space 402076K,  90% used [0x25400000, 0x3b661228, 0x3b661400, 0x3dca7000)
 Metaspace       used 144918K, committed 145536K, reserved 147456K
}
Event: 1240.669 GC heap before
{Heap before GC invocations=307 (full 9):
 def new generation   total 181504K, used 172010K [0x05400000, 0x118f0000, 0x25400000)
  eden space 161344K, 100% used [0x05400000, 0x0f190000, 0x0f190000)
  from space 20160K,  52% used [0x0f190000, 0x0fbfa838, 0x10540000)
  to   space 20160K,   0% used [0x10540000, 0x10540000, 0x118f0000)
 tenured generation   total 402076K, used 362884K [0x25400000, 0x3dca7000, 0x65400000)
   the space 402076K,  90% used [0x25400000, 0x3b661228, 0x3b661400, 0x3dca7000)
 Metaspace       used 146004K, committed 146624K, reserved 147456K
}
Event: 1240.722 GC heap after
{Heap after GC invocations=308 (full 9):
 def new generation   total 181504K, used 10087K [0x05400000, 0x118f0000, 0x25400000)
  eden space 161344K,   0% used [0x05400000, 0x05400000, 0x0f190000)
  from space 20160K,  50% used [0x10540000, 0x10f19f88, 0x118f0000)
  to   space 20160K,   0% used [0x0f190000, 0x0f190000, 0x10540000)
 tenured generation   total 402076K, used 365931K [0x25400000, 0x3dca7000, 0x65400000)
   the space 402076K,  91% used [0x25400000, 0x3b95ae90, 0x3b95b000, 0x3dca7000)
 Metaspace       used 146004K, committed 146624K, reserved 147456K
}
Event: 1240.981 GC heap before
{Heap before GC invocations=308 (full 9):
 def new generation   total 181504K, used 171431K [0x05400000, 0x118f0000, 0x25400000)
  eden space 161344K, 100% used [0x05400000, 0x0f190000, 0x0f190000)
  from space 20160K,  50% used [0x10540000, 0x10f19f88, 0x118f0000)
  to   space 20160K,   0% used [0x0f190000, 0x0f190000, 0x10540000)
 tenured generation   total 402076K, used 365931K [0x25400000, 0x3dca7000, 0x65400000)
   the space 402076K,  91% used [0x25400000, 0x3b95ae90, 0x3b95b000, 0x3dca7000)
 Metaspace       used 146057K, committed 146688K, reserved 147456K
}
Event: 1241.024 GC heap after
{Heap after GC invocations=309 (full 9):
 def new generation   total 181504K, used 4545K [0x05400000, 0x118f0000, 0x25400000)
  eden space 161344K,   0% used [0x05400000, 0x05400000, 0x0f190000)
  from space 20160K,  22% used [0x0f190000, 0x0f600450, 0x10540000)
  to   space 20160K,   0% used [0x10540000, 0x10540000, 0x118f0000)
 tenured generation   total 402076K, used 372671K [0x25400000, 0x3dca7000, 0x65400000)
   the space 402076K,  92% used [0x25400000, 0x3bfefe58, 0x3bff0000, 0x3dca7000)
 Metaspace       used 146057K, committed 146688K, reserved 147456K
}
Event: 1241.338 GC heap before
{Heap before GC invocations=309 (full 9):
 def new generation   total 181504K, used 165889K [0x05400000, 0x118f0000, 0x25400000)
  eden space 161344K, 100% used [0x05400000, 0x0f190000, 0x0f190000)
  from space 20160K,  22% used [0x0f190000, 0x0f600450, 0x10540000)
  to   space 20160K,   0% used [0x10540000, 0x10540000, 0x118f0000)
 tenured generation   total 402076K, used 372671K [0x25400000, 0x3dca7000, 0x65400000)
   the space 402076K,  92% used [0x25400000, 0x3bfefe58, 0x3bff0000, 0x3dca7000)
 Metaspace       used 146078K, committed 146752K, reserved 147456K
}
Event: 1241.356 GC heap after
{Heap after GC invocations=310 (full 9):
 def new generation   total 181504K, used 4955K [0x05400000, 0x118f0000, 0x25400000)
  eden space 161344K,   0% used [0x05400000, 0x05400000, 0x0f190000)
  from space 20160K,  24% used [0x10540000, 0x10a16c10, 0x118f0000)
  to   space 20160K,   0% used [0x0f190000, 0x0f190000, 0x10540000)
 tenured generation   total 402076K, used 372671K [0x25400000, 0x3dca7000, 0x65400000)
   the space 402076K,  92% used [0x25400000, 0x3bfefe58, 0x3bff0000, 0x3dca7000)
 Metaspace       used 146078K, committed 146752K, reserved 147456K
}
Event: 1241.569 GC heap before
{Heap before GC invocations=310 (full 9):
 def new generation   total 181504K, used 166299K [0x05400000, 0x118f0000, 0x25400000)
  eden space 161344K, 100% used [0x05400000, 0x0f190000, 0x0f190000)
  from space 20160K,  24% used [0x10540000, 0x10a16c10, 0x118f0000)
  to   space 20160K,   0% used [0x0f190000, 0x0f190000, 0x10540000)
 tenured generation   total 402076K, used 372671K [0x25400000, 0x3dca7000, 0x65400000)
   the space 402076K,  92% used [0x25400000, 0x3bfefe58, 0x3bff0000, 0x3dca7000)
 Metaspace       used 146090K, committed 146752K, reserved 147456K
}
Event: 1241.588 GC heap after
{Heap after GC invocations=311 (full 9):
 def new generation   total 181504K, used 5961K [0x05400000, 0x118f0000, 0x25400000)
  eden space 161344K,   0% used [0x05400000, 0x05400000, 0x0f190000)
  from space 20160K,  29% used [0x0f190000, 0x0f762708, 0x10540000)
  to   space 20160K,   0% used [0x10540000, 0x10540000, 0x118f0000)
 tenured generation   total 402076K, used 372671K [0x25400000, 0x3dca7000, 0x65400000)
   the space 402076K,  92% used [0x25400000, 0x3bfefe58, 0x3bff0000, 0x3dca7000)
 Metaspace       used 146090K, committed 146752K, reserved 147456K
}
Event: 1241.722 GC heap before
{Heap before GC invocations=311 (full 9):
 def new generation   total 181504K, used 167305K [0x05400000, 0x118f0000, 0x25400000)
  eden space 161344K, 100% used [0x05400000, 0x0f190000, 0x0f190000)
  from space 20160K,  29% used [0x0f190000, 0x0f762708, 0x10540000)
  to   space 20160K,   0% used [0x10540000, 0x10540000, 0x118f0000)
 tenured generation   total 402076K, used 372671K [0x25400000, 0x3dca7000, 0x65400000)
   the space 402076K,  92% used [0x25400000, 0x3bfefe58, 0x3bff0000, 0x3dca7000)
 Metaspace       used 146092K, committed 146752K, reserved 147456K
}
Event: 1241.742 GC heap after
{Heap after GC invocations=312 (full 9):
 def new generation   total 181504K, used 6684K [0x05400000, 0x118f0000, 0x25400000)
  eden space 161344K,   0% used [0x05400000, 0x05400000, 0x0f190000)
  from space 20160K,  33% used [0x10540000, 0x10bc7050, 0x118f0000)
  to   space 20160K,   0% used [0x0f190000, 0x0f190000, 0x10540000)
 tenured generation   total 402076K, used 372671K [0x25400000, 0x3dca7000, 0x65400000)
   the space 402076K,  92% used [0x25400000, 0x3bfefe58, 0x3bff0000, 0x3dca7000)
 Metaspace       used 146092K, committed 146752K, reserved 147456K
}
Event: 1241.892 GC heap before
{Heap before GC invocations=312 (full 9):
 def new generation   total 181504K, used 168028K [0x05400000, 0x118f0000, 0x25400000)
  eden space 161344K, 100% used [0x05400000, 0x0f190000, 0x0f190000)
  from space 20160K,  33% used [0x10540000, 0x10bc7050, 0x118f0000)
  to   space 20160K,   0% used [0x0f190000, 0x0f190000, 0x10540000)
 tenured generation   total 402076K, used 372671K [0x25400000, 0x3dca7000, 0x65400000)
   the space 402076K,  92% used [0x25400000, 0x3bfefe58, 0x3bff0000, 0x3dca7000)
 Metaspace       used 146095K, committed 146752K, reserved 147456K
}
Event: 1241.914 GC heap after
{Heap after GC invocations=313 (full 9):
 def new generation   total 181504K, used 7612K [0x05400000, 0x118f0000, 0x25400000)
  eden space 161344K,   0% used [0x05400000, 0x05400000, 0x0f190000)
  from space 20160K,  37% used [0x0f190000, 0x0f8ff190, 0x10540000)
  to   space 20160K,   0% used [0x10540000, 0x10540000, 0x118f0000)
 tenured generation   total 402076K, used 372671K [0x25400000, 0x3dca7000, 0x65400000)
   the space 402076K,  92% used [0x25400000, 0x3bfefe58, 0x3bff0000, 0x3dca7000)
 Metaspace       used 146095K, committed 146752K, reserved 147456K
}
Event: 1242.072 GC heap before
{Heap before GC invocations=313 (full 9):
 def new generation   total 181504K, used 168956K [0x05400000, 0x118f0000, 0x25400000)
  eden space 161344K, 100% used [0x05400000, 0x0f190000, 0x0f190000)
  from space 20160K,  37% used [0x0f190000, 0x0f8ff190, 0x10540000)
  to   space 20160K,   0% used [0x10540000, 0x10540000, 0x118f0000)
 tenured generation   total 402076K, used 372671K [0x25400000, 0x3dca7000, 0x65400000)
   the space 402076K,  92% used [0x25400000, 0x3bfefe58, 0x3bff0000, 0x3dca7000)
 Metaspace       used 146128K, committed 146752K, reserved 147456K
}
Event: 1242.094 GC heap after
{Heap after GC invocations=314 (full 9):
 def new generation   total 181504K, used 8524K [0x05400000, 0x118f0000, 0x25400000)
  eden space 161344K,   0% used [0x05400000, 0x05400000, 0x0f190000)
  from space 20160K,  42% used [0x10540000, 0x10d93218, 0x118f0000)
  to   space 20160K,   0% used [0x0f190000, 0x0f190000, 0x10540000)
 tenured generation   total 402076K, used 372671K [0x25400000, 0x3dca7000, 0x65400000)
   the space 402076K,  92% used [0x25400000, 0x3bfefe58, 0x3bff0000, 0x3dca7000)
 Metaspace       used 146128K, committed 146752K, reserved 147456K
}

